<?xml version="1.0" encoding="UTF-8"?>
<!-- Generated by org.testng.reporters.JUnitReportReporter -->
<testsuite hostname="AniketDevare" failures="0" tests="2" name="tests.CartTest" time="29.075" errors="0" timestamp="2025-09-09T10:37:33 IST" skipped="0">
  <testcase classname="tests.CartTest" name="testContinueShopping" time="15.970"/>
  <testcase classname="tests.CartTest" name="testRemoveProductFromCart" time="13.105"/>
</testsuite> <!-- tests.CartTest -->
