<?xml version="1.0" encoding="UTF-8"?>
<!-- Generated by org.testng.reporters.JUnitReportReporter -->
<testsuite hostname="AniketDevare" failures="0" tests="2" name="tests.UITest" time="4.780" errors="0" timestamp="2025-09-09T11:30:13 IST" skipped="0">
  <testcase classname="tests.UITest" name="testVerifyBurgerMenuPresence" time="2.097"/>
  <testcase classname="tests.UITest" name="testLogoutFromBurgerMenu" time="2.683"/>
</testsuite> <!-- tests.UITest -->
