<?xml version="1.0" encoding="UTF-8"?>
<!-- Generated by org.testng.reporters.JUnitReportReporter -->
<testsuite hostname="AniketDevare" failures="0" tests="2" name="tests.ProductTest" time="12.825" errors="0" timestamp="2025-09-09T11:05:42 IST" skipped="0">
  <testcase classname="tests.ProductTest" name="testAddProductToCart" time="5.724"/>
  <testcase classname="tests.ProductTest" name="testClickProductDetails" time="7.101"/>
</testsuite> <!-- tests.ProductTest -->
