<?xml version="1.0" encoding="UTF-8"?>
<!-- Generated by org.testng.reporters.JUnitReportReporter -->
<testsuite hostname="AniketDevare" failures="0" tests="2" name="tests.UITest" time="8.449" errors="0" timestamp="2025-09-17T19:19:30 IST" skipped="0">
  <testcase classname="tests.UITest" name="testVerifyBurgerMenuPresence" time="4.016"/>
  <testcase classname="tests.UITest" name="testLogoutFromBurgerMenu" time="4.433"/>
</testsuite> <!-- tests.UITest -->
