<?xml version="1.0" encoding="UTF-8"?>
<!-- Generated by org.testng.reporters.JUnitReportReporter -->
<testsuite hostname="AniketDevare" failures="0" tests="2" name="tests.CheckoutTest" time="26.155" errors="0" timestamp="2025-09-09T10:54:01 IST" skipped="0">
  <testcase classname="tests.CheckoutTest" name="testCheckoutWithValidInformation" time="14.349"/>
  <testcase classname="tests.CheckoutTest" name="testCompleteOrder" time="11.806"/>
</testsuite> <!-- tests.CheckoutTest -->
