<?xml version="1.0" encoding="UTF-8"?>
<!-- Generated by org.testng.reporters.JUnitReportReporter -->
<testsuite hostname="AniketDevare" failures="0" tests="2" name="tests.CartTest" time="26.393" errors="0" timestamp="2025-09-09T10:47:04 IST" skipped="0">
  <testcase classname="tests.CartTest" name="testContinueShopping" time="14.018"/>
  <testcase classname="tests.CartTest" name="testRemoveProductFromCart" time="12.375"/>
</testsuite> <!-- tests.CartTest -->
