<?xml version="1.0" encoding="UTF-8"?>
<!-- Generated by org.testng.reporters.JUnitReportReporter -->
<testsuite hostname="AniketDevare" failures="0" tests="2" name="tests.CheckoutTest" time="27.412" errors="0" timestamp="2025-09-09T11:13:39 IST" skipped="0">
  <testcase classname="tests.CheckoutTest" name="testCheckoutWithValidInformation" time="14.331"/>
  <testcase classname="tests.CheckoutTest" name="testCompleteOrder" time="13.081"/>
</testsuite> <!-- tests.CheckoutTest -->
