<?xml version="1.0" encoding="UTF-8"?>
<!-- Generated by org.testng.reporters.JUnitReportReporter -->
<testsuite hostname="AniketDevare" failures="0" tests="2" name="tests.UITest" time="4.537" errors="0" timestamp="2025-09-09T11:13:39 IST" skipped="0">
  <testcase classname="tests.UITest" name="testVerifyBurgerMenuPresence" time="1.892"/>
  <testcase classname="tests.UITest" name="testLogoutFromBurgerMenu" time="2.645"/>
</testsuite> <!-- tests.UITest -->
