<?xml version="1.0" encoding="UTF-8"?>
<!-- Generated by org.testng.reporters.JUnitReportReporter -->
<testsuite hostname="AniketDevare" failures="0" tests="1" name="tests.NegativeTest" time="6.494" errors="0" timestamp="2025-09-09T11:05:42 IST" skipped="0">
  <testcase classname="tests.NegativeTest" name="testAddThenRemoveProduct" time="6.494"/>
</testsuite> <!-- tests.NegativeTest -->
