<?xml version="1.0" encoding="UTF-8"?>
<!-- Generated by org.testng.reporters.JUnitReportReporter -->
<testsuite hostname="AniketDevare" failures="0" tests="2" name="tests.CheckoutTest" time="26.016" errors="0" timestamp="2025-09-09T11:01:15 IST" skipped="0">
  <testcase classname="tests.CheckoutTest" name="testCheckoutWithValidInformation" time="14.750"/>
  <testcase classname="tests.CheckoutTest" name="testCompleteOrder" time="11.266"/>
</testsuite> <!-- tests.CheckoutTest -->
