<?xml version="1.0" encoding="UTF-8"?>
<!-- Generated by org.testng.reporters.JUnitReportReporter -->
<testsuite hostname="AniketDevare" failures="0" tests="2" name="tests.CartTest" time="26.770" errors="0" timestamp="2025-09-09T11:30:13 IST" skipped="0">
  <testcase classname="tests.CartTest" name="testContinueShopping" time="14.732"/>
  <testcase classname="tests.CartTest" name="testRemoveProductFromCart" time="12.038"/>
</testsuite> <!-- tests.CartTest -->
