<?xml version="1.0" encoding="UTF-8"?>
<!-- Generated by org.testng.reporters.JUnitReportReporter -->
<testsuite hostname="AniketDevare" failures="0" tests="2" name="tests.UITest" time="6.059" errors="0" timestamp="2025-09-09T10:54:01 IST" skipped="0">
  <testcase classname="tests.UITest" name="testVerifyBurgerMenuPresence" time="3.144"/>
  <testcase classname="tests.UITest" name="testLogoutFromBurgerMenu" time="2.915"/>
</testsuite> <!-- tests.UITest -->
