<?xml version="1.0" encoding="UTF-8"?>
<!-- Generated by org.testng.reporters.JUnitReportReporter -->
<testsuite hostname="AniketDevare" failures="0" tests="2" name="tests.ProductTest" time="13.245" errors="0" timestamp="2025-09-09T11:27:00 IST" skipped="0">
  <testcase classname="tests.ProductTest" name="testAddProductToCart" time="5.925"/>
  <testcase classname="tests.ProductTest" name="testClickProductDetails" time="7.320"/>
</testsuite> <!-- tests.ProductTest -->
