<?xml version="1.0" encoding="UTF-8"?>
<!-- Generated by org.testng.reporters.JUnitReportReporter -->
<testsuite hostname="AniketDevare" failures="0" tests="2" name="tests.UITest" time="6.207" errors="0" timestamp="2025-09-09T10:58:20 IST" skipped="0">
  <testcase classname="tests.UITest" name="testVerifyBurgerMenuPresence" time="2.963"/>
  <testcase classname="tests.UITest" name="testLogoutFromBurgerMenu" time="3.244"/>
</testsuite> <!-- tests.UITest -->
