<?xml version="1.0" encoding="UTF-8"?>
<!-- Generated by org.testng.reporters.JUnitReportReporter -->
<testsuite hostname="AniketDevare" failures="0" tests="2" name="tests.ProductTest" time="16.892" errors="0" timestamp="2025-09-17T19:19:30 IST" skipped="0">
  <testcase classname="tests.ProductTest" name="testAddProductToCart" time="7.607"/>
  <testcase classname="tests.ProductTest" name="testClickProductDetails" time="9.285"/>
</testsuite> <!-- tests.ProductTest -->
