<?xml version="1.0" encoding="UTF-8"?>
<!-- Generated by org.testng.reporters.JUnitReportReporter -->
<testsuite hostname="AniketDevare" failures="0" tests="2" name="tests.CheckoutTest" time="28.893" errors="0" timestamp="2025-09-17T19:19:30 IST" skipped="0">
  <testcase classname="tests.CheckoutTest" name="testCheckoutWithValidInformation" time="16.070"/>
  <testcase classname="tests.CheckoutTest" name="testCompleteOrder" time="12.823"/>
</testsuite> <!-- tests.CheckoutTest -->
