<?xml version="1.0" encoding="UTF-8"?>
<!-- Generated by org.testng.reporters.JUnitReportReporter -->
<testsuite hostname="AniketDevare" failures="0" tests="2" name="tests.ProductTest" time="13.953" errors="0" timestamp="2025-09-09T11:13:39 IST" skipped="0">
  <testcase classname="tests.ProductTest" name="testAddProductToCart" time="6.019"/>
  <testcase classname="tests.ProductTest" name="testClickProductDetails" time="7.934"/>
</testsuite> <!-- tests.ProductTest -->
