<?xml version="1.0" encoding="UTF-8"?>
<!-- Generated by org.testng.reporters.JUnitReportReporter -->
<testsuite hostname="AniketDevare" failures="0" tests="2" name="tests.CartTest" time="28.937" errors="0" timestamp="2025-09-09T10:54:01 IST" skipped="0">
  <testcase classname="tests.CartTest" name="testContinueShopping" time="15.034"/>
  <testcase classname="tests.CartTest" name="testRemoveProductFromCart" time="13.903"/>
</testsuite> <!-- tests.CartTest -->
