<?xml version="1.0" encoding="UTF-8"?>
<!-- Generated by org.testng.reporters.JUnitReportReporter -->
<testsuite hostname="AniketDevare" failures="0" tests="2" name="tests.ProductTest" time="12.780" errors="0" timestamp="2025-09-09T10:58:20 IST" skipped="0">
  <testcase classname="tests.ProductTest" name="testAddProductToCart" time="5.127"/>
  <testcase classname="tests.ProductTest" name="testClickProductDetails" time="7.653"/>
</testsuite> <!-- tests.ProductTest -->
