<?xml version="1.0" encoding="UTF-8"?>
<!-- Generated by org.testng.reporters.JUnitReportReporter -->
<testsuite hostname="AniketDevare" failures="0" tests="2" name="tests.CartTest" time="34.607" errors="0" timestamp="2025-09-17T19:19:30 IST" skipped="0">
  <testcase classname="tests.CartTest" name="testContinueShopping" time="20.698"/>
  <testcase classname="tests.CartTest" name="testRemoveProductFromCart" time="13.909"/>
</testsuite> <!-- tests.CartTest -->
