<?xml version="1.0" encoding="UTF-8"?>
<!-- Generated by org.testng.reporters.JUnitReportReporter -->
<testsuite hostname="AniketDevare" failures="0" tests="2" name="tests.CartTest" time="28.008" errors="0" timestamp="2025-09-09T10:58:20 IST" skipped="0">
  <testcase classname="tests.CartTest" name="testContinueShopping" time="15.529"/>
  <testcase classname="tests.CartTest" name="testRemoveProductFromCart" time="12.479"/>
</testsuite> <!-- tests.CartTest -->
