<?xml version="1.0" encoding="UTF-8"?>
<!-- Generated by org.testng.reporters.JUnitReportReporter -->
<testsuite hostname="AniketDevare" failures="0" tests="1" name="tests.NegativeTest" time="7.462" errors="0" timestamp="2025-09-09T10:47:04 IST" skipped="0">
  <testcase classname="tests.NegativeTest" name="testAddThenRemoveProduct" time="7.462"/>
</testsuite> <!-- tests.NegativeTest -->
