<?xml version="1.0" encoding="UTF-8"?>
<!-- Generated by org.testng.reporters.JUnitReportReporter -->
<testsuite hostname="AniketDevare" failures="0" tests="2" name="tests.ProductTest" time="14.683" errors="0" timestamp="2025-09-09T10:37:33 IST" skipped="0">
  <testcase classname="tests.ProductTest" name="testAddProductToCart" time="6.340"/>
  <testcase classname="tests.ProductTest" name="testClickProductDetails" time="8.343"/>
</testsuite> <!-- tests.ProductTest -->
