<?xml version="1.0" encoding="UTF-8"?>
<!-- Generated by org.testng.reporters.JUnitReportReporter -->
<testsuite hostname="AniketDevare" failures="0" tests="2" name="tests.CartTest" time="27.480" errors="0" timestamp="2025-09-09T11:05:42 IST" skipped="0">
  <testcase classname="tests.CartTest" name="testContinueShopping" time="12.926"/>
  <testcase classname="tests.CartTest" name="testRemoveProductFromCart" time="14.554"/>
</testsuite> <!-- tests.CartTest -->
