<?xml version="1.0" encoding="UTF-8"?>
<!-- Generated by org.testng.reporters.JUnitReportReporter -->
<testsuite hostname="AniketDevare" failures="0" tests="2" name="tests.CartTest" time="27.185" errors="0" timestamp="2025-09-09T11:01:15 IST" skipped="0">
  <testcase classname="tests.CartTest" name="testContinueShopping" time="13.137"/>
  <testcase classname="tests.CartTest" name="testRemoveProductFromCart" time="14.048"/>
</testsuite> <!-- tests.CartTest -->
