<?xml version="1.0" encoding="UTF-8"?>
<!-- Generated by org.testng.reporters.JUnitReportReporter -->
<testsuite hostname="AniketDevare" failures="0" tests="2" name="tests.CheckoutTest" time="26.445" errors="0" timestamp="2025-09-09T11:05:42 IST" skipped="0">
  <testcase classname="tests.CheckoutTest" name="testCheckoutWithValidInformation" time="15.187"/>
  <testcase classname="tests.CheckoutTest" name="testCompleteOrder" time="11.258"/>
</testsuite> <!-- tests.CheckoutTest -->
