<?xml version="1.0" encoding="UTF-8"?>
<!-- Generated by org.testng.reporters.JUnitReportReporter -->
<testsuite hostname="AniketDevare" failures="0" tests="2" name="tests.ProductTest" time="12.858" errors="0" timestamp="2025-09-07T01:40:25 IST" skipped="0">
  <testcase classname="tests.ProductTest" name="testAddProductToCart" time="3.714"/>
  <testcase classname="tests.ProductTest" name="testClickProductDetails" time="9.144"/>
</testsuite> <!-- tests.ProductTest -->
