<?xml version="1.0" encoding="UTF-8"?>
<!-- Generated by org.testng.reporters.JUnitReportReporter -->
<testsuite hostname="AniketDevare" failures="0" tests="2" name="tests.CartTest" time="6.789" errors="0" timestamp="2025-09-07T02:14:04 IST" skipped="0">
  <testcase classname="tests.CartTest" name="testContinueShopping" time="3.466"/>
  <testcase classname="tests.CartTest" name="testRemoveProductFromCart" time="3.323"/>
</testsuite> <!-- tests.CartTest -->
