<?xml version="1.0" encoding="UTF-8"?>
<!-- Generated by org.testng.reporters.JUnitReportReporter -->
<testsuite hostname="AniketDevare" failures="0" tests="2" name="tests.CheckoutTest" time="24.226" errors="0" timestamp="2025-09-09T09:37:01 IST" skipped="0">
  <testcase classname="tests.CheckoutTest" name="testCheckoutWithValidInformation" time="13.628"/>
  <testcase classname="tests.CheckoutTest" name="testCompleteOrder" time="10.598"/>
</testsuite> <!-- tests.CheckoutTest -->
