<?xml version="1.0" encoding="UTF-8"?>
<!-- Generated by org.testng.reporters.JUnitReportReporter -->
<testsuite hostname="AniketDevare" failures="0" tests="2" name="tests.UITest" time="6.851" errors="0" timestamp="2025-09-07T00:48:55 IST" skipped="0">
  <testcase classname="tests.UITest" name="testVerifyBurgerMenuPresence" time="3.041"/>
  <testcase classname="tests.UITest" name="testLogoutFromBurgerMenu" time="3.810"/>
</testsuite> <!-- tests.UITest -->
