<?xml version="1.0" encoding="UTF-8"?>
<!-- Generated by org.testng.reporters.JUnitReportReporter -->
<testsuite hostname="AniketDevare" failures="0" tests="2" name="tests.ProductTest" time="11.501" errors="0" timestamp="2025-09-07T00:48:55 IST" skipped="0">
  <testcase classname="tests.ProductTest" name="testAddProductToCart" time="4.894"/>
  <testcase classname="tests.ProductTest" name="testClickProductDetails" time="6.607"/>
</testsuite> <!-- tests.ProductTest -->
