<?xml version="1.0" encoding="UTF-8"?>
<!-- Generated by org.testng.reporters.JUnitReportReporter -->
<testsuite hostname="AniketDevare" failures="0" tests="2" name="tests.CheckoutTest" time="7.728" errors="0" timestamp="2025-09-07T01:40:25 IST" skipped="0">
  <testcase classname="tests.CheckoutTest" name="testCheckoutWithValidInformation" time="3.946"/>
  <testcase classname="tests.CheckoutTest" name="testCompleteOrder" time="3.782"/>
</testsuite> <!-- tests.CheckoutTest -->
