<?xml version="1.0" encoding="UTF-8"?>
<!-- Generated by org.testng.reporters.JUnitReportReporter -->
<testsuite hostname="AniketDevare" failures="0" tests="2" name="tests.CheckoutTest" time="7.652" errors="0" timestamp="2025-09-07T00:48:55 IST" skipped="0">
  <testcase classname="tests.CheckoutTest" name="testCheckoutWithValidInformation" time="3.802"/>
  <testcase classname="tests.CheckoutTest" name="testCompleteOrder" time="3.850"/>
</testsuite> <!-- tests.CheckoutTest -->
