<?xml version="1.0" encoding="UTF-8"?>
<!-- Generated by org.testng.reporters.JUnitReportReporter -->
<testsuite hostname="AniketDevare" failures="0" tests="2" name="tests.UITest" time="8.167" errors="0" timestamp="2025-09-09T09:37:01 IST" skipped="0">
  <testcase classname="tests.UITest" name="testVerifyBurgerMenuPresence" time="2.049"/>
  <testcase classname="tests.UITest" name="testLogoutFromBurgerMenu" time="6.118"/>
</testsuite> <!-- tests.UITest -->
