<?xml version="1.0" encoding="UTF-8"?>
<!-- Generated by org.testng.reporters.JUnitReportReporter -->
<testsuite hostname="AniketDevare" failures="0" tests="2" name="tests.CartTest" time="6.970" errors="0" timestamp="2025-09-07T00:48:55 IST" skipped="0">
  <testcase classname="tests.CartTest" name="testContinueShopping" time="3.510"/>
  <testcase classname="tests.CartTest" name="testRemoveProductFromCart" time="3.460"/>
</testsuite> <!-- tests.CartTest -->
