<?xml version="1.0" encoding="UTF-8"?>
<!-- Generated by org.testng.reporters.JUnitReportReporter -->
<testsuite hostname="AniketDevare" failures="0" tests="2" name="tests.CheckoutTest" time="8.031" errors="0" timestamp="2025-09-07T23:08:05 IST" skipped="0">
  <testcase classname="tests.CheckoutTest" name="testCheckoutWithValidInformation" time="4.109"/>
  <testcase classname="tests.CheckoutTest" name="testCompleteOrder" time="3.922"/>
</testsuite> <!-- tests.CheckoutTest -->
