<?xml version="1.0" encoding="UTF-8"?>
<!-- Generated by org.testng.reporters.JUnitReportReporter -->
<testsuite hostname="AniketDevare" failures="0" tests="2" name="tests.UITest" time="6.789" errors="0" timestamp="2025-09-07T02:14:04 IST" skipped="0">
  <testcase classname="tests.UITest" name="testVerifyBurgerMenuPresence" time="3.145"/>
  <testcase classname="tests.UITest" name="testLogoutFromBurgerMenu" time="3.644"/>
</testsuite> <!-- tests.UITest -->
