<?xml version="1.0" encoding="UTF-8"?>
<!-- Generated by org.testng.reporters.JUnitReportReporter -->
<testsuite hostname="AniketDevare" failures="0" tests="2" name="tests.ProductTest" time="10.745" errors="0" timestamp="2025-09-07T02:14:04 IST" skipped="0">
  <testcase classname="tests.ProductTest" name="testAddProductToCart" time="5.173"/>
  <testcase classname="tests.ProductTest" name="testClickProductDetails" time="5.572"/>
</testsuite> <!-- tests.ProductTest -->
