<?xml version="1.0" encoding="UTF-8"?>
<!-- Generated by org.testng.reporters.JUnitReportReporter -->
<testsuite hostname="AniketDevare" failures="0" tests="2" name="tests.ProductTest" time="10.099" errors="0" timestamp="2025-09-07T23:08:05 IST" skipped="0">
  <testcase classname="tests.ProductTest" name="testAddProductToCart" time="4.850"/>
  <testcase classname="tests.ProductTest" name="testClickProductDetails" time="5.249"/>
</testsuite> <!-- tests.ProductTest -->
