<?xml version="1.0" encoding="UTF-8"?>
<!-- Generated by org.testng.reporters.JUnitReportReporter -->
<testsuite hostname="AniketDevare" failures="0" tests="2" name="tests.CartTest" time="24.164" errors="0" timestamp="2025-09-09T09:50:36 IST" skipped="0">
  <testcase classname="tests.CartTest" name="testContinueShopping" time="12.591"/>
  <testcase classname="tests.CartTest" name="testRemoveProductFromCart" time="11.573"/>
</testsuite> <!-- tests.CartTest -->
