<?xml version="1.0" encoding="UTF-8"?>
<!-- Generated by org.testng.reporters.JUnitReportReporter -->
<testsuite hostname="AniketDevare" failures="0" tests="2" name="tests.CheckoutTest" time="7.836" errors="0" timestamp="2025-09-07T02:14:04 IST" skipped="0">
  <testcase classname="tests.CheckoutTest" name="testCheckoutWithValidInformation" time="3.878"/>
  <testcase classname="tests.CheckoutTest" name="testCompleteOrder" time="3.958"/>
</testsuite> <!-- tests.CheckoutTest -->
