<?xml version="1.0" encoding="UTF-8"?>
<!-- Generated by org.testng.reporters.JUnitReportReporter -->
<testsuite hostname="AniketDevare" failures="0" tests="2" name="tests.CartTest" time="25.783" errors="0" timestamp="2025-09-09T11:11:44 IST" skipped="0">
  <testcase classname="tests.CartTest" name="testContinueShopping" time="14.147"/>
  <testcase classname="tests.CartTest" name="testRemoveProductFromCart" time="11.636"/>
</testsuite> <!-- tests.CartTest -->
